<?xml version="1.0" encoding="UTF-8"?>
<testng-results ignored="0" total="1" passed="1" failed="0" skipped="0">
  <reporter-output>
  </reporter-output>
  <suite started-at="2024-12-24T06:52:43 IST" name="Default suite" finished-at="2024-12-24T06:52:51 IST" duration-ms="7673">
    <groups>
    </groups>
    <test started-at="2024-12-24T06:52:43 IST" name="Default test" finished-at="2024-12-24T06:52:51 IST" duration-ms="7673">
      <class name="testScript.HomePageTestcase">
        <test-method is-config="true" signature="beforeMethod()[pri:0, instance:testScript.HomePageTestcase@36bc55de]" started-at="2024-12-24T06:52:43 IST" name="beforeMethod" finished-at="2024-12-24T06:52:48 IST" duration-ms="4602" status="PASS">
          <reporter-output>
          </reporter-output>
        </test-method> <!-- beforeMethod -->
        <test-method signature="verifyUserisableToLogoutScreen()[pri:0, instance:testScript.HomePageTestcase@36bc55de]" started-at="2024-12-24T06:52:48 IST" name="verifyUserisableToLogoutScreen" finished-at="2024-12-24T06:52:51 IST" duration-ms="3027" status="PASS">
          <reporter-output>
          </reporter-output>
        </test-method> <!-- verifyUserisableToLogoutScreen -->
        <test-method is-config="true" signature="afterMethod()[pri:0, instance:testScript.HomePageTestcase@36bc55de]" started-at="2024-12-24T06:52:51 IST" name="afterMethod" finished-at="2024-12-24T06:52:51 IST" duration-ms="0" status="PASS">
          <reporter-output>
          </reporter-output>
        </test-method> <!-- afterMethod -->
      </class> <!-- testScript.HomePageTestcase -->
    </test> <!-- Default test -->
  </suite> <!-- Default suite -->
</testng-results>
